<?xml version="1.0" encoding="UTF-8"?>
<!-- Generated by org.testng.reporters.JUnitXMLReporter -->
<testsuite ignored="0" hostname="DESKTOP-0LMUMNL" failures="0" tests="3" name="Test" time="103.36" errors="0" timestamp="12 Sep 2021 16:08:33 GMT">
  <testcase classname="qualicoach.CreateNewUser" name="NewUserCreation" time="27.93"/>
  <testcase classname="qualicoach.DeleteUser" name="UserDeletion" time="31.535"/>
  <testcase classname="qualicoach.UpdateUserProfile" name="EditUserProfile" time="30.133"/>
</testsuite> <!-- Test -->
